2026-05-25 16:41:55, MOVE, v:1, k:ed@pilhado, mode:PICK
2026-05-25 16:43:39, EXEC, v:1, k:ed@pilhado, mode:FULL, fail:COMP
2026-05-25 16:46:12, MOVE, v:1, k:ed@pilhado, mode:EDIT
2026-05-25 16:46:20, EXEC, v:1, k:ed@pilhado, mode:FULL, size:170, fail:COMP
2026-05-25 16:46:56, MOVE, v:1, k:ed@pilhado, mode:BACK
2026-05-25 16:47:22, MOVE, v:1, k:ed@fila_enc, mode:DOWN
2026-05-25 16:47:27, MOVE, v:1, k:ed@fila_enc, mode:PICK
2026-05-25 16:49:03, EXEC, v:1, k:ed@fila_enc, mode:FULL, size:82, fail:COMP
2026-05-25 16:49:05, EXEC, v:1, k:ed@fila_enc, mode:FULL, fail:COMP
2026-05-25 16:46:35, MOVE, v:1, k:ed@pilhado, mode:EDIT
2026-05-25 16:46:46, MOVE, v:1, k:ed@pilhado, mode:EDIT
2026-05-25 16:47:22, MOVE, v:1, k:ed@fila_enc, mode:EDIT
2026-05-25 16:47:22, MOVE, v:1, k:ed@fila_enc, mode:EDIT
2026-05-25 16:48:32, MOVE, v:1, k:ed@fila_enc, mode:EDIT
2026-05-25 16:54:52, EXEC, v:1, k:ed@fila_enc, mode:FULL, size:86, fail:COMP
2026-05-25 16:55:08, EXEC, v:1, k:ed@fila_enc, mode:FULL, size:92, fail:COMP
2026-05-25 16:55:29, EXEC, v:1, k:ed@fila_enc, mode:FULL, size:94, fail:COMP
2026-05-25 16:56:02, MOVE, v:1, k:ed@fila_enc, mode:EDIT
2026-05-25 16:57:06, EXEC, v:1, k:ed@fila_enc, mode:FULL, size:94, fail:COMP
2026-05-25 16:58:19, EXEC, v:1, k:ed@fila_enc, mode:FULL, size:110, fail:COMP
2026-05-25 16:59:20, MOVE, v:1, k:ed@fila_enc, mode:EDIT
2026-05-25 17:02:31, EXEC, v:1, k:ed@fila_enc, mode:FULL, size:121, fail:COMP
2026-05-25 17:02:24, MOVE, v:1, k:ed@fila_enc, mode:EDIT
2026-05-25 17:22:27, EXEC, v:1, k:ed@fila_enc, mode:FULL, fail:COMP
2026-05-25 17:23:30, EXEC, v:1, k:ed@fila_enc, mode:FULL, fail:COMP
2026-05-25 17:24:37, EXEC, v:1, k:ed@fila_enc, mode:FULL, rate:100, size:127
2026-05-25 17:24:47, MOVE, v:1, k:ed@fila_enc, mode:BACK
2026-05-25 17:24:51, MOVE, v:1, k:ed@fila_enc, mode:PICK
2026-05-25 17:24:58, EXEC, v:1, k:ed@fila_enc, mode:FULL, size:127, fail:COMP
2026-05-25 17:25:03, MOVE, v:1, k:ed@fila_enc, mode:EDIT
2026-05-25 17:24:37, MOVE, v:1, k:ed@fila_enc, mode:EDIT
2026-05-25 17:50:49, EXEC, v:1, k:ed@fila_enc, mode:FULL, rate:100, size:127
2026-05-25 17:50:51, MOVE, v:1, k:ed@fila_enc, mode:BACK
2026-05-25 17:51:27, SELF, v:1, k:ed@fila_enc, self:1, rate:100, study:63
2026-05-25 17:51:43, MOVE, v:1, k:ed@bufferring, mode:PICK
2026-05-25 18:03:17, EXEC, v:1, k:ed@bufferring, mode:FULL, size:115, fail:COMP
2026-05-25 18:03:52, EXEC, v:1, k:ed@bufferring, mode:FULL, size:119, fail:COMP
2026-05-25 18:04:19, EXEC, v:1, k:ed@bufferring, mode:FULL, size:123, fail:COMP
2026-05-25 18:05:13, EXEC, v:1, k:ed@bufferring, mode:FULL, size:130, fail:COMP
2026-05-25 18:05:46, MOVE, v:1, k:ed@bufferring, mode:EDIT
2026-05-25 18:16:01, EXEC, v:1, k:ed@bufferring, mode:FULL, size:135, fail:COMP
2026-05-25 18:16:18, EXEC, v:1, k:ed@bufferring, mode:FULL, size:140, fail:COMP
2026-05-25 18:16:53, EXEC, v:1, k:ed@bufferring, mode:FULL, size:150, fail:COMP
2026-05-25 18:17:43, EXEC, v:1, k:ed@bufferring, mode:FULL, size:162, fail:COMP
2026-05-25 18:18:13, EXEC, v:1, k:ed@bufferring, mode:FULL, size:172, fail:COMP
2026-05-25 18:18:40, EXEC, v:1, k:ed@bufferring, mode:FULL, size:181, fail:COMP
2026-05-25 18:19:24, EXEC, v:1, k:ed@bufferring, mode:FULL, size:188, fail:COMP
2026-05-25 18:20:12, MOVE, v:1, k:ed@bufferring, mode:EDIT
2026-05-25 18:21:45, EXEC, v:1, k:ed@bufferring, mode:FULL, size:205, fail:COMP
2026-05-25 18:22:18, EXEC, v:1, k:ed@bufferring, mode:FULL, size:196, fail:COMP
2026-05-25 18:22:30, EXEC, v:1, k:ed@bufferring, mode:FULL, rate:0, size:195
2026-05-25 18:24:26, EXEC, v:1, k:ed@bufferring, mode:FULL, rate:66, size:196
2026-05-25 18:24:39, EXEC, v:1, k:ed@bufferring, mode:FULL, rate:83, size:196
2026-05-25 18:25:05, EXEC, v:1, k:ed@bufferring, mode:FULL, size:196, fail:COMP
2026-05-25 18:25:09, MOVE, v:1, k:ed@bufferring, mode:EDIT
2026-05-25 18:24:39, MOVE, v:1, k:ed@bufferring, mode:EDIT
2026-05-25 18:27:27, MOVE, v:1, k:ed@bufferring, mode:BACK
2026-05-25 18:27:46, MOVE, v:1, k:ed@bufferring, mode:PICK
2026-05-25 18:28:48, EXEC, v:1, k:ed@bufferring, mode:FULL, size:196, fail:COMP
2026-05-25 18:28:47, MOVE, v:1, k:ed@bufferring, mode:EDIT
2026-05-25 18:33:13, EXEC, v:1, k:ed@bufferring, mode:FULL, fail:COMP
2026-05-25 18:52:34, EXEC, v:1, k:ed@bufferring, mode:FULL, size:196, fail:COMP
2026-05-25 18:52:32, MOVE, v:1, k:ed@bufferring, mode:EDIT
2026-05-25 18:52:42, EXEC, v:1, k:ed@bufferring, mode:FULL, size:196, fail:COMP
2026-05-25 18:53:03, EXEC, v:1, k:ed@bufferring, mode:FULL, size:196, fail:COMP
2026-05-25 18:53:11, EXEC, v:1, k:ed@bufferring, mode:FULL, size:196, fail:COMP
2026-05-25 18:54:02, EXEC, v:1, k:ed@bufferring, mode:FULL, rate:83, size:196
2026-05-25 18:54:13, EXEC, v:1, k:ed@bufferring, mode:FULL, rate:100, size:196
2026-05-25 18:54:44, MOVE, v:1, k:ed@bufferring, mode:EDIT
2026-05-25 18:54:13, MOVE, v:1, k:ed@bufferring, mode:EDIT
2026-05-25 19:03:18, MOVE, v:1, k:ed@bufferring, mode:BACK
2026-05-25 19:04:23, MOVE, v:1, k:ed@bufferring, mode:PICK
2026-05-25 19:04:26, EXEC, v:1, k:ed@bufferring, mode:FULL, size:196, fail:COMP
2026-05-25 19:04:21, MOVE, v:1, k:ed@bufferring, mode:EDIT
2026-05-25 19:20:24, EXEC, v:1, k:ed@bufferring, mode:FULL, fail:COMP
2026-05-25 19:22:11, EXEC, v:1, k:ed@bufferring, mode:FULL, fail:COMP
2026-05-25 19:22:25, EXEC, v:1, k:ed@bufferring, mode:FULL, size:196, fail:COMP
2026-05-25 19:22:30, EXEC, v:1, k:ed@bufferring, mode:FULL, size:196, fail:COMP
2026-05-25 19:22:35, EXEC, v:1, k:ed@bufferring, mode:FULL, size:196, fail:COMP
2026-05-25 19:22:46, EXEC, v:1, k:ed@bufferring, mode:FULL, rate:83, size:196
2026-05-25 19:22:54, EXEC, v:1, k:ed@bufferring, mode:FULL, rate:83, size:196
2026-05-25 19:23:01, EXEC, v:1, k:ed@bufferring, mode:FULL, rate:100, size:196
2026-05-25 19:23:14, MOVE, v:1, k:ed@bufferring, mode:EDIT
2026-05-25 19:23:01, MOVE, v:1, k:ed@bufferring, mode:EDIT
2026-05-25 19:23:31, EXEC, v:1, k:ed@bufferring, mode:FULL, rate:100, size:196
2026-05-25 19:26:33, MOVE, v:1, k:ed@bufferring, mode:BACK
2026-05-25 19:26:54, MOVE, v:1, k:ed@bufferring, mode:PICK
2026-05-25 19:27:13, EXEC, v:1, k:ed@bufferring, mode:FULL, size:109, fail:COMP
2026-05-25 19:27:19, MOVE, v:1, k:ed@bufferring, mode:EDIT
2026-05-25 19:50:44, EXEC, v:1, k:ed@bufferring, mode:FULL, rate:100, size:196
2026-05-25 19:50:46, MOVE, v:1, k:ed@bufferring, mode:BACK
2026-05-25 19:51:01, MOVE, v:1, k:ed@bufferring, mode:PICK
2026-05-25 19:51:37, EXEC, v:1, k:ed@bufferring, mode:FULL, size:196, fail:COMP
2026-05-25 19:52:04, EXEC, v:1, k:ed@bufferring, mode:FULL, size:196, fail:COMP
2026-05-25 19:52:35, EXEC, v:1, k:ed@bufferring, mode:FULL, size:195, fail:COMP
2026-05-25 19:52:43, EXEC, v:1, k:ed@bufferring, mode:FULL, rate:0, size:196
2026-05-25 19:52:51, EXEC, v:1, k:ed@bufferring, mode:FULL, rate:0, size:196
2026-05-25 19:52:49, MOVE, v:1, k:ed@bufferring, mode:EDIT
2026-05-25 19:52:51, MOVE, v:1, k:ed@bufferring, mode:EDIT
2026-05-25 19:58:25, MOVE, v:1, k:ed@bufferring, mode:EDIT
2026-05-25 20:01:38, EXEC, v:1, k:ed@bufferring, mode:FULL, size:206, fail:COMP
2026-05-25 20:19:11, MOVE, v:1, k:ed@bufferring, mode:BACK
2026-05-25 20:20:14, MOVE, v:1, k:ed@lista_d1, mode:PICK
2026-05-25 20:20:20, EXEC, v:1, k:ed@lista_d1, mode:FULL, rate:100
2026-05-25 20:20:23, MOVE, v:1, k:ed@lista_d1, mode:BACK
2026-05-25 20:20:33, MOVE, v:1, k:ed@lista_d1, mode:PICK
2026-05-25 20:20:34, MOVE, v:1, k:ed@lista_d1, mode:BACK
2026-05-25 20:20:35, MOVE, v:1, k:ed@lista_d1, mode:PICK
2026-05-25 20:20:44, SELF, v:1, k:ed@lista_d1, self:1, rate:100, study:37
2026-05-25 20:20:47, EXEC, v:1, k:ed@lista_d1, mode:FULL, rate:100
2026-05-25 20:20:52, SELF, v:1, k:ed@lista_d1, self:1, rate:100, study:37
2026-05-25 20:20:54, MOVE, v:1, k:ed@lista_d1, mode:BACK
2026-05-25 20:20:59, MOVE, v:1, k:ed@lista_d2, mode:PICK
2026-05-25 20:21:06, EXEC, v:1, k:ed@lista_d2, mode:FULL, rate:100
2026-05-25 20:21:12, MOVE, v:1, k:ed@lista_d2, mode:BACK
2026-05-25 20:21:20, SELF, v:1, k:ed@lista_d2, self:1, rate:100, study:39
2026-05-25 20:21:26, MOVE, v:1, k:ed@lista_d4, mode:PICK
2026-05-25 20:21:35, EXEC, v:1, k:ed@lista_d4, mode:FULL, size:157, fail:COMP
2026-05-25 20:21:37, MOVE, v:1, k:ed@lista_d4, mode:BACK
2026-05-25 20:21:40, MOVE, v:1, k:ed@prin_list1, mode:PICK
2026-05-25 20:21:48, EXEC, v:1, k:ed@prin_list1, mode:LOCK, rate:0, size:189
2026-05-25 20:21:55, MOVE, v:1, k:ed@prin_list1, mode:BACK
2026-05-25 20:22:04, SELF, v:1, k:ed@prin_list1, self:1, study:36
2026-05-25 20:22:09, MOVE, v:1, k:ed@lista_d3, mode:PICK
2026-05-25 20:22:16, EXEC, v:1, k:ed@lista_d3, mode:FULL, rate:100
2026-05-25 20:22:19, MOVE, v:1, k:ed@lista_d3, mode:BACK
2026-05-25 20:22:30, SELF, v:1, k:ed@lista_d3, self:1, rate:100, study:51
2026-05-25 20:22:54, MOVE, v:1, k:ed@bufferring, mode:PICK
2026-05-25 20:20:47, MOVE, v:1, k:ed@lista_d1, mode:EDIT
2026-05-25 20:21:06, MOVE, v:1, k:ed@lista_d2, mode:EDIT
2026-05-25 20:21:34, MOVE, v:1, k:ed@lista_d4, mode:EDIT
2026-05-25 20:21:48, MOVE, v:1, k:ed@prin_list1, mode:EDIT
2026-05-25 20:21:48, MOVE, v:1, k:ed@prin_list1, mode:EDIT
2026-05-25 20:22:15, MOVE, v:1, k:ed@lista_d3, mode:EDIT
2026-05-25 20:24:00, MOVE, v:1, k:ed@bufferring, mode:EDIT
2026-05-25 20:30:12, EXEC, v:1, k:ed@bufferring, mode:FULL, rate:100, size:196
2026-05-25 20:30:16, MOVE, v:1, k:ed@bufferring, mode:BACK
2026-05-25 20:31:02, SELF, v:1, k:ed@bufferring, self:1, rate:100, study:154
2026-05-25 20:31:17, MOVE, v:1, k:ed@pilha, mode:PICK
2026-05-25 20:31:24, EXEC, v:1, k:ed@pilha, mode:FULL, rate:0
2026-05-25 20:31:27, MOVE, v:1, k:ed@pilha, mode:BACK
