2026-05-12 00:02:42, MOVE, v:1, k:ed@lista_d2, mode:EDIT
2026-05-12 00:04:46, EXEC, v:1, k:ed@lista_d2, mode:FULL, size:127, fail:COMP
2026-05-12 00:07:43, MOVE, v:1, k:ed@lista_d2, mode:EDIT
2026-05-12 00:08:39, EXEC, v:1, k:ed@lista_d2, mode:FULL, size:149, fail:COMP
2026-05-12 00:12:07, EXEC, v:1, k:ed@lista_d2, mode:FULL, size:207, fail:COMP
2026-05-12 00:12:38, MOVE, v:1, k:ed@lista_d2, mode:EDIT
2026-05-12 00:12:50, EXEC, v:1, k:ed@lista_d2, mode:FULL, size:221, fail:COMP
2026-05-12 00:14:40, EXEC, v:1, k:ed@lista_d2, mode:FULL, rate:100, size:221
2026-05-12 00:14:46, MOVE, v:1, k:ed@lista_d2, mode:BACK
2026-05-12 00:15:26, MOVE, v:1, k:ed@lista_d2, mode:PICK
2026-05-12 00:15:30, EXEC, v:1, k:ed@lista_d2, mode:FULL, size:221, fail:COMP
2026-05-12 00:15:37, MOVE, v:1, k:ed@lista_d2, mode:EDIT
2026-05-12 00:27:29, EXEC, v:1, k:ed@lista_d2, mode:FULL, rate:100, size:221
2026-05-12 00:27:32, MOVE, v:1, k:ed@lista_d2, mode:BACK
2026-05-12 13:03:20, MOVE, v:1, k:ed@editorint, mode:PICK
2026-05-12 13:07:58, MOVE, v:1, k:ed@editorint, mode:BACK
2026-05-12 13:08:20, MOVE, v:1, k:ed@prin_list1, mode:DOWN
2026-05-12 13:08:21, MOVE, v:1, k:ed@prin_list1, mode:PICK
2026-05-12 13:08:20, MOVE, v:1, k:ed@prin_list1, mode:EDIT
2026-05-12 13:08:20, MOVE, v:1, k:ed@prin_list1, mode:EDIT
2026-05-12 13:08:20, MOVE, v:1, k:ed@prin_list1, mode:EDIT
2026-05-12 17:10:52, MOVE, v:1, k:ed@prin_list1, mode:PICK
2026-05-12 17:12:27, EXEC, v:1, k:ed@prin_list1, mode:FULL, size:172, fail:COMP
2026-05-12 17:15:37, MOVE, v:1, k:ed@prin_list1, mode:EDIT
2026-05-12 17:18:31, EXEC, v:1, k:ed@prin_list1, mode:LOCK, rate:0, size:181
2026-05-12 17:20:09, MOVE, v:1, k:ed@prin_list1, mode:EDIT
2026-05-12 17:18:31, MOVE, v:1, k:ed@prin_list1, mode:EDIT
2026-05-12 17:20:43, EXEC, v:1, k:ed@prin_list1, mode:LOCK, rate:0, size:187
2026-05-12 17:20:49, MOVE, v:1, k:ed@prin_list1, mode:BACK
2026-05-12 17:20:52, MOVE, v:1, k:ed@prin_list1, mode:PICK
2026-05-12 17:20:55, EXEC, v:1, k:ed@prin_list1, mode:LOCK, rate:0
2026-05-12 17:21:11, EXEC, v:1, k:ed@prin_list1, mode:FULL, size:187, fail:COMP
2026-05-12 17:20:55, MOVE, v:1, k:ed@prin_list1, mode:EDIT
2026-05-12 17:21:20, MOVE, v:1, k:ed@prin_list1, mode:EDIT
2026-05-12 17:47:46, EXEC, v:1, k:ed@prin_list1, mode:LOCK, rate:0, size:187
2026-05-12 17:47:48, MOVE, v:1, k:ed@prin_list1, mode:BACK
2026-05-12 17:47:46, MOVE, v:1, k:ed@prin_list1, mode:EDIT
2026-05-12 17:53:55, MOVE, v:1, k:ed@lista_d3, mode:DOWN
2026-05-12 17:53:57, MOVE, v:1, k:ed@lista_d3, mode:PICK
2026-05-12 17:54:22, EXEC, v:1, k:ed@lista_d3, mode:FULL, rate:0, size:109
2026-05-12 17:53:55, MOVE, v:1, k:ed@lista_d3, mode:EDIT
2026-05-12 17:53:55, MOVE, v:1, k:ed@lista_d3, mode:EDIT
2026-05-12 17:53:55, MOVE, v:1, k:ed@lista_d3, mode:EDIT
2026-05-12 17:54:22, MOVE, v:1, k:ed@lista_d3, mode:EDIT
2026-05-12 17:58:09, MOVE, v:1, k:ed@lista_d3, mode:EDIT
2026-05-12 18:10:38, MOVE, v:1, k:ed@lista_d3, mode:EDIT
2026-05-12 18:12:27, EXEC, v:1, k:ed@lista_d3, mode:FULL, size:118, fail:COMP
2026-05-12 18:15:36, MOVE, v:1, k:ed@lista_d3, mode:EDIT
2026-05-12 18:18:09, EXEC, v:1, k:ed@lista_d3, mode:FULL, rate:0, size:132
2026-05-12 18:20:39, MOVE, v:1, k:ed@lista_d3, mode:EDIT
2026-05-12 18:18:09, MOVE, v:1, k:ed@lista_d3, mode:EDIT
2026-05-12 18:22:50, MOVE, v:1, k:ed@lista_d3, mode:EDIT
2026-05-12 18:30:34, MOVE, v:1, k:ed@lista_d3, mode:EDIT
2026-05-12 18:31:24, EXEC, v:1, k:ed@lista_d3, mode:FULL, rate:0, size:157
2026-05-12 18:34:52, MOVE, v:1, k:ed@lista_d3, mode:EDIT
2026-05-12 18:31:24, MOVE, v:1, k:ed@lista_d3, mode:EDIT
2026-05-12 18:36:48, EXEC, v:1, k:ed@lista_d3, mode:FULL, rate:0, size:172
2026-05-12 18:38:24, EXEC, v:1, k:ed@lista_d3, mode:FULL, rate:100, size:172
2026-05-12 18:38:29, EXEC, v:1, k:ed@lista_d3, mode:FULL, size:172, fail:COMP
2026-05-12 18:38:34, MOVE, v:1, k:ed@lista_d3, mode:EDIT
2026-05-12 18:38:24, MOVE, v:1, k:ed@lista_d3, mode:EDIT
2026-05-12 18:45:15, EXEC, v:1, k:ed@lista_d3, mode:FULL, rate:100, size:172
2026-05-12 18:45:24, MOVE, v:1, k:ed@lista_d3, mode:BACK
2026-05-12 18:45:15, MOVE, v:1, k:ed@lista_d3, mode:EDIT
2026-05-12 18:47:40, MOVE, v:1, k:ed@prin_list2, mode:DOWN
2026-05-12 18:47:42, MOVE, v:1, k:ed@prin_list2, mode:PICK
2026-05-12 18:47:49, EXEC, v:1, k:ed@prin_list2, mode:FULL, rate:0, size:46
2026-05-12 18:47:40, MOVE, v:1, k:ed@prin_list2, mode:EDIT
2026-05-12 18:47:40, MOVE, v:1, k:ed@prin_list2, mode:EDIT
2026-05-12 18:47:40, MOVE, v:1, k:ed@prin_list2, mode:EDIT
2026-05-12 18:47:49, MOVE, v:1, k:ed@prin_list2, mode:EDIT
2026-05-12 18:48:46, MOVE, v:1, k:ed@lista_d3, mode:EDIT
2026-05-12 18:53:21, EXEC, v:1, k:ed@prin_list2, mode:FULL, rate:0
2026-05-12 18:53:42, MOVE, v:1, k:ed@prin_list2, mode:BACK
2026-05-12 18:55:07, MOVE, v:1, k:ed@editorint, mode:PICK
2026-05-12 18:53:21, MOVE, v:1, k:ed@prin_list2, mode:EDIT
2026-05-12 19:08:42, EXEC, v:1, k:ed@editorint, mode:LOCK, rate:0, size:276
2026-05-12 19:09:26, EXEC, v:1, k:ed@editorint, mode:LOCK, rate:0, size:285
2026-05-12 19:11:08, EXEC, v:1, k:ed@editorint, mode:LOCK, rate:0, size:295
2026-05-12 19:12:29, EXEC, v:1, k:ed@editorint, mode:LOCK, rate:0, size:307
2026-05-12 19:12:53, EXEC, v:1, k:ed@editorint, mode:LOCK, rate:0
2026-05-12 19:12:53, MOVE, v:1, k:ed@editorint, mode:BACK
2026-05-12 19:13:03, MOVE, v:1, k:ed@editorint, mode:PICK
2026-05-12 19:13:08, EXEC, v:1, k:ed@editorint, mode:LOCK, rate:0
2026-05-12 19:16:42, EXEC, v:1, k:ed@editorint, mode:LOCK, rate:0, size:316
2026-05-12 19:16:42, MOVE, v:1, k:ed@editorint, mode:BACK
