2026-05-18 22:23:23, MOVE, v:1, k:ed@ilhas, mode:DOWN
2026-05-18 22:23:24, MOVE, v:1, k:ed@ilhas, mode:PICK
2026-05-18 22:23:23, MOVE, v:1, k:ed@ilhas, mode:EDIT
2026-05-18 22:23:23, MOVE, v:1, k:ed@ilhas, mode:EDIT
2026-05-18 22:23:23, MOVE, v:1, k:ed@ilhas, mode:EDIT
2026-05-18 22:29:15, MOVE, v:1, k:ed@ilhas, mode:EDIT
2026-05-18 22:34:46, MOVE, v:1, k:ed@ilhas, mode:EDIT
2026-05-18 22:37:40, EXEC, v:1, k:ed@ilhas, mode:FULL, size:51, fail:COMP
2026-05-18 22:39:42, MOVE, v:1, k:ed@ilhas, mode:EDIT
2026-05-18 22:41:01, EXEC, v:1, k:ed@ilhas, mode:FULL, size:60, fail:COMP
2026-05-18 22:42:54, EXEC, v:1, k:ed@ilhas, mode:FULL, size:60, fail:COMP
2026-05-18 22:44:40, MOVE, v:1, k:ed@ilhas, mode:EDIT
2026-05-18 22:45:02, EXEC, v:1, k:ed@ilhas, mode:FULL, size:60, fail:COMP
2026-05-18 22:45:13, EXEC, v:1, k:ed@ilhas, mode:FULL, size:60, fail:COMP
2026-05-18 22:45:22, MOVE, v:1, k:ed@ilhas, mode:EDIT
2026-05-18 22:50:40, EXEC, v:1, k:ed@ilhas, mode:FULL, rate:100, size:60
2026-05-18 22:50:51, EXEC, v:1, k:ed@ilhas, mode:FULL, rate:100
2026-05-18 22:50:55, EXEC, v:1, k:ed@ilhas, mode:FULL, rate:100
2026-05-18 22:50:58, EXEC, v:1, k:ed@ilhas, mode:FULL, rate:100
2026-05-18 22:51:04, EXEC, v:1, k:ed@ilhas, mode:FULL, size:60, fail:COMP
2026-05-18 22:50:58, MOVE, v:1, k:ed@ilhas, mode:EDIT
2026-05-18 22:51:19, MOVE, v:1, k:ed@ilhas, mode:EDIT
2026-05-18 22:56:39, MOVE, v:1, k:ed@ilhas, mode:BACK
2026-05-18 22:59:41, MOVE, v:1, k:ed@distancia, mode:DOWN
2026-05-18 22:59:45, MOVE, v:1, k:ed@distancia, mode:PICK
2026-05-18 23:01:22, EXEC, v:1, k:ed@distancia, mode:FULL, rate:0, size:5
2026-05-18 23:01:36, MOVE, v:1, k:ed@distancia, mode:BACK
2026-05-18 23:01:45, MOVE, v:1, k:ed@ilhas, mode:PICK
2026-05-18 22:59:41, MOVE, v:1, k:ed@distancia, mode:EDIT
2026-05-18 22:59:41, MOVE, v:1, k:ed@distancia, mode:EDIT
2026-05-18 23:01:22, MOVE, v:1, k:ed@distancia, mode:EDIT
