2026-03-19 16:05:52, MOVE, v:1, k:ed@casais, mode:DOWN
2026-03-19 16:05:54, MOVE, v:1, k:ed@casais, mode:PICK
2026-03-19 17:02:04, EXEC, v:1, k:ed@casais, mode:FULL, rate:0, size:30
2026-03-19 17:03:12, EXEC, v:1, k:ed@casais, mode:FULL, rate:0, size:30
2026-03-19 17:04:12, EXEC, v:1, k:ed@casais, mode:FULL, rate:0, size:30
2026-03-19 17:04:48, MOVE, v:1, k:ed@casais, mode:PICK
2026-03-19 17:05:20, EXEC, v:1, k:ed@casais, mode:FULL, rate:0, size:30
2026-03-19 17:05:59, EXEC, v:1, k:ed@casais, mode:FULL, rate:0, size:30
2026-03-19 17:06:46, EXEC, v:1, k:ed@casais, mode:FULL, rate:0
2026-03-19 17:07:35, EXEC, v:1, k:ed@casais, mode:FULL, rate:100, size:30
2026-03-19 17:09:54, EXEC, v:1, k:ed@casais, mode:FULL, rate:100, size:31
2026-03-19 17:10:51, EXEC, v:1, k:ed@casais, mode:FULL, rate:100
2026-03-19 17:10:55, MOVE, v:1, k:ed@casais, mode:BACK
2026-03-19 17:11:04, MOVE, v:1, k:ed@baruel, mode:DOWN
2026-03-19 17:11:07, MOVE, v:1, k:ed@baruel, mode:PICK
2026-03-19 17:56:11, EXEC, v:1, k:ed@baruel, mode:FULL, rate:0, size:55
2026-03-19 17:58:15, EXEC, v:1, k:ed@baruel, mode:FULL, rate:0, size:55
2026-03-19 18:03:11, EXEC, v:1, k:ed@baruel, mode:FULL, rate:0, size:55
2026-03-19 18:03:32, EXEC, v:1, k:ed@baruel, mode:FULL, rate:0, size:55
2026-03-19 18:05:01, EXEC, v:1, k:ed@baruel, mode:FULL, rate:0, size:55
2026-03-19 18:08:08, EXEC, v:1, k:ed@baruel, mode:FULL, rate:0, size:55
2026-03-19 18:10:04, EXEC, v:1, k:ed@baruel, mode:FULL, rate:0, size:55
2026-03-19 18:17:51, EXEC, v:1, k:ed@baruel, mode:FULL, rate:0, size:55
2026-03-19 18:19:31, EXEC, v:1, k:ed@baruel, mode:FULL, rate:0, size:55
2026-03-19 18:20:13, MOVE, v:1, k:ed@baruel, mode:BACK
2026-03-19 19:05:40, MOVE, v:1, k:ed@baruel, mode:PICK
2026-03-19 19:50:36, EXEC, v:1, k:ed@baruel, mode:FULL, rate:0, size:54
2026-03-19 19:54:17, EXEC, v:1, k:ed@baruel, mode:FULL, rate:100, size:55
2026-03-19 19:54:33, MOVE, v:1, k:ed@baruel, mode:BACK
2026-03-19 19:56:26, MOVE, v:1, k:ed@gomos, mode:DOWN
2026-03-19 19:56:40, MOVE, v:1, k:ed@gomos, mode:PICK
2026-03-19 20:19:11, EXEC, v:1, k:ed@gomos, mode:FULL, rate:0, size:40
2026-03-19 20:19:30, EXEC, v:1, k:ed@gomos, mode:FULL, rate:0, size:40
2026-03-19 20:20:11, EXEC, v:1, k:ed@gomos, mode:FULL, rate:0, size:39
2026-03-19 20:20:23, EXEC, v:1, k:ed@gomos, mode:FULL, rate:0, size:39
2026-03-19 20:21:19, EXEC, v:1, k:ed@gomos, mode:FULL, rate:0, size:39
2026-03-19 20:27:15, EXEC, v:1, k:ed@gomos, mode:FULL, rate:0, size:41
2026-03-19 20:29:26, EXEC, v:1, k:ed@gomos, mode:FULL, rate:0, size:41
2026-03-19 20:40:12, EXEC, v:1, k:ed@gomos, mode:FULL, rate:0, size:41
2026-03-19 20:41:28, EXEC, v:1, k:ed@gomos, mode:FULL, rate:0, size:41
2026-03-19 20:42:13, MOVE, v:1, k:ed@gomos, mode:PICK
2026-03-19 20:42:21, EXEC, v:1, k:ed@gomos, mode:FULL, rate:0
2026-03-19 20:47:34, EXEC, v:1, k:ed@gomos, mode:FULL, rate:0, size:39
2026-03-19 20:49:31, EXEC, v:1, k:ed@gomos, mode:FULL, rate:0
2026-03-19 20:52:13, EXEC, v:1, k:ed@gomos, mode:FULL, rate:100, size:39
2026-03-19 20:53:05, MOVE, v:1, k:ed@gomos, mode:BACK
2026-03-19 20:53:11, MOVE, v:1, k:ed@gomos, mode:PICK
2026-03-19 21:20:50, EXEC, v:1, k:ed@gomos, mode:FULL, rate:100, size:39
2026-03-19 21:20:56, MOVE, v:1, k:ed@gomos, mode:BACK
2026-03-19 21:22:45, SELF, v:1, k:ed@casais, self:1, rate:100, study:65, friend:Nao, concept:1, problem:1, debug:1
2026-03-19 21:24:32, SELF, v:1, k:ed@baruel, self:1, rate:100, study:163, friend:Nao, concept:1, problem:1, code:1, debug:1
2026-03-19 21:25:15, MOVE, v:1, k:ed@gomos, mode:PICK
2026-03-19 21:25:18, MOVE, v:1, k:ed@gomos, mode:BACK
2026-03-19 21:26:17, SELF, v:1, k:ed@gomos, self:1, rate:100, study:84, friend:Nao, concept:1, problem:1, debug:1
