2026-04-14 12:59:52, MOVE, v:1, k:ed@resto, mode:PICK
2026-04-14 13:06:27, MOVE, v:1, k:ed@resto, mode:BACK
2026-04-14 13:19:59, MOVE, v:1, k:ed@mdc, mode:PICK
2026-04-14 13:20:19, MOVE, v:1, k:ed@mdc, mode:BACK
2026-04-14 13:21:02, MOVE, v:1, k:eval1@baruel, mode:DOWN
2026-04-14 13:21:11, MOVE, v:1, k:eval1@baruel, mode:PICK
2026-04-14 13:21:02, MOVE, v:1, k:eval1@baruel, mode:EDIT
2026-04-14 13:23:47, MOVE, v:1, k:eval1@baruel, mode:EDIT
2026-04-14 13:28:16, EXEC, v:1, k:eval1@baruel, mode:FULL, rate:0, size:10
2026-04-14 13:28:31, EXEC, v:1, k:eval1@baruel, mode:FULL, rate:0, size:9
2026-04-14 13:28:29, MOVE, v:1, k:eval1@baruel, mode:EDIT
2026-04-14 13:28:31, MOVE, v:1, k:eval1@baruel, mode:EDIT
2026-04-14 13:30:55, EXEC, v:1, k:eval1@baruel, mode:FULL, size:10, fail:COMP
2026-04-14 13:31:05, EXEC, v:1, k:eval1@baruel, mode:FULL, rate:0, size:10
2026-04-14 13:33:47, MOVE, v:1, k:eval1@baruel, mode:EDIT
2026-04-14 13:31:05, MOVE, v:1, k:eval1@baruel, mode:EDIT
2026-04-14 13:33:54, EXEC, v:1, k:eval1@baruel, mode:FULL, rate:0, size:12
2026-04-14 13:34:19, EXEC, v:1, k:eval1@baruel, mode:FULL, rate:0
2026-04-14 13:34:22, EXEC, v:1, k:eval1@baruel, mode:FULL, rate:0
2026-04-14 13:38:42, MOVE, v:1, k:eval1@baruel, mode:EDIT
2026-04-14 13:34:22, MOVE, v:1, k:eval1@baruel, mode:EDIT
2026-04-14 13:39:59, EXEC, v:1, k:eval1@baruel, mode:FULL, rate:0, size:13
2026-04-14 13:40:25, EXEC, v:1, k:eval1@baruel, mode:FULL, rate:0, size:13
2026-04-14 13:43:30, MOVE, v:1, k:eval1@baruel, mode:EDIT
2026-04-14 13:40:25, MOVE, v:1, k:eval1@baruel, mode:EDIT
2026-04-14 13:44:32, EXEC, v:1, k:eval1@baruel, mode:FULL, rate:0, size:17
2026-04-14 13:45:31, EXEC, v:1, k:eval1@baruel, mode:FULL, rate:0, size:18
2026-04-14 13:47:11, MOVE, v:1, k:eval1@baruel, mode:EDIT
2026-04-14 13:45:30, MOVE, v:1, k:eval1@baruel, mode:EDIT
2026-04-14 13:49:41, EXEC, v:1, k:eval1@baruel, mode:FULL, rate:0, size:24
2026-04-14 13:52:18, EXEC, v:1, k:eval1@baruel, mode:FULL, rate:0, size:24
2026-04-14 13:53:46, MOVE, v:1, k:eval1@baruel, mode:EDIT
2026-04-14 13:52:18, MOVE, v:1, k:eval1@baruel, mode:EDIT
2026-04-14 13:55:31, EXEC, v:1, k:eval1@baruel, mode:FULL, rate:0, size:30
2026-04-14 13:56:29, MOVE, v:1, k:eval1@baruel, mode:PICK
2026-04-14 13:57:16, EXEC, v:1, k:eval1@baruel, mode:FULL, rate:0, size:28
2026-04-14 13:58:23, EXEC, v:1, k:eval1@baruel, mode:FULL, rate:0
2026-04-14 13:58:27, MOVE, v:1, k:eval1@baruel, mode:BACK
2026-04-14 13:58:45, MOVE, v:1, k:eval1@apagando, mode:DOWN
2026-04-14 13:58:52, MOVE, v:1, k:eval1@apagando, mode:PICK
2026-04-14 13:58:18, MOVE, v:1, k:eval1@baruel, mode:EDIT
2026-04-14 13:58:23, MOVE, v:1, k:eval1@baruel, mode:EDIT
2026-04-14 13:58:45, MOVE, v:1, k:eval1@apagando, mode:EDIT
2026-04-14 13:58:45, MOVE, v:1, k:eval1@apagando, mode:EDIT
2026-04-14 14:00:57, MOVE, v:1, k:eval1@apagando, mode:EDIT
2026-04-14 14:05:39, MOVE, v:1, k:eval1@apagando, mode:EDIT
2026-04-14 14:11:09, MOVE, v:1, k:eval1@apagando, mode:EDIT
2026-04-14 14:11:47, EXEC, v:1, k:eval1@apagando, mode:FULL, size:18, fail:COMP
2026-04-14 14:12:03, EXEC, v:1, k:eval1@apagando, mode:FULL, rate:0, size:18
2026-04-14 14:13:07, MOVE, v:1, k:eval1@apagando, mode:BACK
2026-04-14 14:13:30, MOVE, v:1, k:eval1@casais, mode:DOWN
2026-04-14 14:13:34, MOVE, v:1, k:eval1@casais, mode:PICK
2026-04-14 14:12:02, MOVE, v:1, k:eval1@apagando, mode:EDIT
2026-04-14 14:12:02, MOVE, v:1, k:eval1@apagando, mode:EDIT
2026-04-14 14:13:30, MOVE, v:1, k:eval1@casais, mode:EDIT
2026-04-14 14:15:14, MOVE, v:1, k:eval1@casais, mode:EDIT
2026-04-14 14:20:42, MOVE, v:1, k:eval1@casais, mode:EDIT
2026-04-14 14:22:15, EXEC, v:1, k:eval1@casais, mode:FULL, size:12, fail:COMP
2026-04-14 14:25:44, MOVE, v:1, k:eval1@casais, mode:BACK
2026-04-14 14:26:10, MOVE, v:1, k:eval1@triangulo, mode:DOWN
2026-04-14 14:26:12, MOVE, v:1, k:eval1@triangulo, mode:PICK
2026-04-14 14:22:33, MOVE, v:1, k:eval1@casais, mode:EDIT
2026-04-14 14:26:10, MOVE, v:1, k:eval1@triangulo, mode:EDIT
2026-04-14 14:26:10, MOVE, v:1, k:eval1@triangulo, mode:EDIT
2026-04-14 14:26:33, EXEC, v:1, k:eval1@triangulo, mode:FULL, rate:0, size:47
2026-04-14 14:28:05, MOVE, v:1, k:eval1@triangulo, mode:BACK
2026-04-14 14:28:16, MOVE, v:1, k:eval1@queimada, mode:DOWN
2026-04-14 14:28:24, MOVE, v:1, k:eval1@queimada, mode:PICK
2026-04-14 14:29:25, MOVE, v:1, k:eval1@queimada, mode:BACK
2026-04-14 14:29:35, MOVE, v:1, k:eval1@baruel, mode:PICK
2026-04-14 14:26:33, MOVE, v:1, k:eval1@triangulo, mode:EDIT
2026-04-14 14:28:16, MOVE, v:1, k:eval1@queimada, mode:EDIT
2026-04-14 14:28:16, MOVE, v:1, k:eval1@queimada, mode:EDIT
2026-04-14 14:28:16, MOVE, v:1, k:eval1@queimada, mode:EDIT
2026-04-14 14:35:44, EXEC, v:1, k:eval1@baruel, mode:FULL, rate:0, size:30
2026-04-14 14:36:24, MOVE, v:1, k:eval1@baruel, mode:EDIT
2026-04-14 14:35:44, MOVE, v:1, k:eval1@baruel, mode:EDIT
2026-04-14 14:37:31, EXEC, v:1, k:eval1@baruel, mode:FULL, rate:0, size:31
2026-04-14 14:41:13, MOVE, v:1, k:eval1@baruel, mode:BACK
2026-04-14 14:38:00, MOVE, v:1, k:eval1@baruel, mode:EDIT
2026-04-14 14:37:31, MOVE, v:1, k:eval1@baruel, mode:EDIT
2026-04-14 14:41:43, MOVE, v:1, k:eval1@casais, mode:PICK
2026-04-14 14:45:57, MOVE, v:1, k:eval1@casais, mode:EDIT
2026-04-14 14:50:17, MOVE, v:1, k:eval1@casais, mode:EDIT
2026-04-14 14:53:59, MOVE, v:1, k:eval1@casais, mode:BACK
2026-04-14 14:54:19, MOVE, v:1, k:eval1@baruel, mode:PICK
2026-04-14 14:55:45, MOVE, v:1, k:eval1@baruel, mode:BACK
2026-04-14 14:57:24, MOVE, v:1, k:eval1@baruel, mode:PICK
2026-04-14 14:57:38, EXEC, v:1, k:eval1@baruel, mode:FULL, rate:0, size:29
2026-04-14 14:57:40, MOVE, v:1, k:eval1@baruel, mode:BACK
