2026-06-20 16:02:58, MOVE, v:1, k:ed@especiais, mode:PICK
2026-06-20 16:03:16, EXEC, v:1, k:ed@especiais, mode:FULL, rate:0, size:132
2026-06-20 16:03:15, MOVE, v:1, k:ed@especiais, mode:EDIT
2026-06-20 16:07:48, EXEC, v:1, k:ed@especiais, mode:FULL, rate:0, size:144
2026-06-20 16:09:07, MOVE, v:1, k:ed@especiais, mode:BACK
2026-06-20 16:10:20, MOVE, v:1, k:ed@pilhado, mode:PICK
2026-06-20 16:10:36, MOVE, v:1, k:ed@pilhado, mode:BACK
2026-06-20 16:10:49, MOVE, v:1, k:ed@balanceada, mode:PICK
2026-06-20 16:07:47, MOVE, v:1, k:ed@especiais, mode:EDIT
2026-06-20 16:07:48, MOVE, v:1, k:ed@especiais, mode:EDIT
2026-06-20 16:13:41, EXEC, v:1, k:ed@balanceada, mode:FULL, rate:0, size:5
2026-06-20 16:13:41, MOVE, v:1, k:ed@balanceada, mode:EDIT
2026-06-20 16:16:22, MOVE, v:1, k:ed@balanceada, mode:EDIT
2026-06-20 16:33:53, MOVE, v:1, k:ed@balanceada, mode:PICK
2026-06-20 16:34:01, EXEC, v:1, k:ed@balanceada, mode:FULL, size:22, fail:COMP
2026-06-20 16:36:32, EXEC, v:1, k:ed@balanceada, mode:FULL, size:28, fail:COMP
2026-06-20 16:38:44, MOVE, v:1, k:ed@balanceada, mode:EDIT
2026-06-20 16:39:09, EXEC, v:1, k:ed@balanceada, mode:FULL, size:40, fail:COMP
2026-06-20 16:39:17, EXEC, v:1, k:ed@balanceada, mode:FULL, size:40, fail:COMP
2026-06-20 16:41:19, EXEC, v:1, k:ed@balanceada, mode:FULL, size:43, fail:COMP
2026-06-20 16:42:18, MOVE, v:1, k:ed@balanceada, mode:EDIT
2026-06-20 16:47:22, EXEC, v:1, k:ed@balanceada, mode:FULL, size:47, fail:COMP
2026-06-20 16:48:03, EXEC, v:1, k:ed@balanceada, mode:FULL, size:49, fail:COMP
2026-06-20 16:48:45, MOVE, v:1, k:ed@balanceada, mode:EDIT
2026-06-20 16:50:51, EXEC, v:1, k:ed@balanceada, mode:FULL, size:53, fail:COMP
2026-06-20 16:53:22, EXEC, v:1, k:ed@balanceada, mode:FULL, size:51, fail:COMP
2026-06-20 16:53:44, MOVE, v:1, k:ed@balanceada, mode:EDIT
2026-06-20 16:54:06, EXEC, v:1, k:ed@balanceada, mode:FULL, fail:COMP
2026-06-20 16:54:19, MOVE, v:1, k:ed@balanceada, mode:BACK
2026-06-20 16:53:56, MOVE, v:1, k:ed@balanceada, mode:EDIT
2026-06-20 18:29:15, MOVE, v:1, k:ed@balanceada, mode:PICK
2026-06-20 18:31:22, EXEC, v:1, k:ed@balanceada, mode:FULL, size:50, fail:COMP
2026-06-20 18:32:16, EXEC, v:1, k:ed@balanceada, mode:FULL, rate:100, size:49
2026-06-20 18:32:13, MOVE, v:1, k:ed@balanceada, mode:EDIT
2026-06-20 18:32:16, MOVE, v:1, k:ed@balanceada, mode:EDIT
2026-06-20 18:39:01, MOVE, v:1, k:ed@balanceada, mode:EDIT
2026-06-20 18:40:21, EXEC, v:1, k:ed@balanceada, mode:FULL, size:48, fail:COMP
2026-06-20 18:44:04, MOVE, v:1, k:ed@balanceada, mode:EDIT
2026-06-20 18:47:10, EXEC, v:1, k:ed@balanceada, mode:FULL, size:47, fail:COMP
2026-06-20 18:48:07, EXEC, v:1, k:ed@balanceada, mode:FULL, rate:70, size:48
2026-06-20 18:48:03, MOVE, v:1, k:ed@balanceada, mode:EDIT
2026-06-20 18:48:07, MOVE, v:1, k:ed@balanceada, mode:EDIT
2026-06-20 18:50:27, EXEC, v:1, k:ed@balanceada, mode:FULL, rate:70, size:48
2026-06-20 18:51:39, EXEC, v:1, k:ed@balanceada, mode:FULL, rate:70, size:47
2026-06-20 18:54:08, MOVE, v:1, k:ed@balanceada, mode:EDIT
2026-06-20 18:51:38, MOVE, v:1, k:ed@balanceada, mode:EDIT
2026-06-20 18:55:27, EXEC, v:1, k:ed@balanceada, mode:FULL, rate:70, size:51
2026-06-20 18:55:30, EXEC, v:1, k:ed@balanceada, mode:FULL, rate:70
2026-06-20 18:56:49, EXEC, v:1, k:ed@balanceada, mode:FULL, rate:100, size:51
2026-06-20 18:56:54, MOVE, v:1, k:ed@balanceada, mode:BACK
2026-06-20 18:57:31, SELF, v:1, k:ed@balanceada, self:1, rate:100, study:71
2026-06-20 18:58:41, MOVE, v:1, k:ed@dfs_read, mode:DOWN
2026-06-20 18:58:49, MOVE, v:1, k:ed@dfs_read, mode:PICK
2026-06-20 18:59:11, MOVE, v:1, k:ed@dfs_read, mode:BACK
2026-06-20 18:59:49, MOVE, v:1, k:ed@longest, mode:DOWN
2026-06-20 18:59:51, MOVE, v:1, k:ed@longest, mode:PICK
2026-06-20 19:00:03, MOVE, v:1, k:ed@longest, mode:BACK
