2026-05-22 23:06:28, MOVE, v:1, k:ed@setbuild, mode:PICK
2026-05-22 23:06:41, EXEC, v:1, k:ed@setbuild, mode:FULL, rate:66
2026-05-22 23:06:41, MOVE, v:1, k:ed@setbuild, mode:BACK
2026-05-22 23:07:48, MOVE, v:1, k:ed@wordsearch, mode:DOWN
2026-05-22 23:07:48, MOVE, v:1, k:ed@wordsearch, mode:PICK
2026-05-22 23:07:49, EXEC, v:1, k:ed@wordsearch, mode:FULL, rate:25, size:62
2026-05-22 23:07:49, EXEC, v:1, k:ed@wordsearch, mode:FULL, rate:25, size:62
2026-05-22 23:10:52, EXEC, v:1, k:ed@wordsearch, mode:FULL, size:66, fail:COMP
2026-05-22 23:11:39, EXEC, v:1, k:ed@wordsearch, mode:FULL, size:70, fail:COMP
2026-05-22 23:07:48, MOVE, v:1, k:ed@wordsearch, mode:EDIT
2026-05-22 23:07:48, MOVE, v:1, k:ed@wordsearch, mode:EDIT
2026-05-22 23:07:48, MOVE, v:1, k:ed@wordsearch, mode:EDIT
2026-05-22 23:11:38, MOVE, v:1, k:ed@wordsearch, mode:EDIT
2026-05-22 23:07:49, MOVE, v:1, k:ed@wordsearch, mode:EDIT
2026-05-22 23:12:41, EXEC, v:1, k:ed@wordsearch, mode:FULL, fail:COMP
2026-05-22 23:16:34, EXEC, v:1, k:ed@wordsearch, mode:FULL, size:79, fail:COMP
2026-05-22 23:16:49, MOVE, v:1, k:ed@wordsearch, mode:EDIT
2026-05-22 23:20:31, EXEC, v:1, k:ed@wordsearch, mode:FULL, size:82, fail:COMP
2026-05-22 23:21:34, EXEC, v:1, k:ed@wordsearch, mode:FULL, size:88, fail:COMP
2026-05-22 23:21:41, MOVE, v:1, k:ed@wordsearch, mode:EDIT
2026-05-22 23:25:47, EXEC, v:1, k:ed@wordsearch, mode:FULL, size:96, fail:COMP
2026-05-22 23:26:44, MOVE, v:1, k:ed@wordsearch, mode:EDIT
2026-05-22 23:27:20, EXEC, v:1, k:ed@wordsearch, mode:FULL, size:104, fail:COMP
2026-05-22 23:34:27, MOVE, v:1, k:ed@wordsearch, mode:PICK
2026-05-22 23:36:00, EXEC, v:1, k:ed@wordsearch, mode:FULL, size:119, fail:COMP
2026-05-22 23:37:42, EXEC, v:1, k:ed@wordsearch, mode:FULL, size:128, fail:COMP
2026-05-22 23:37:37, MOVE, v:1, k:ed@wordsearch, mode:EDIT
2026-05-22 23:44:09, EXEC, v:1, k:ed@wordsearch, mode:FULL, rate:100, size:130
2026-05-22 23:43:39, MOVE, v:1, k:ed@wordsearch, mode:EDIT
2026-05-22 23:44:09, MOVE, v:1, k:ed@wordsearch, mode:EDIT
2026-05-22 23:44:20, EXEC, v:1, k:ed@wordsearch, mode:FULL, size:130, fail:COMP
2026-05-22 23:44:24, MOVE, v:1, k:ed@wordsearch, mode:EDIT
2026-05-22 23:55:33, EXEC, v:1, k:ed@wordsearch, mode:FULL, rate:100, size:130
2026-05-22 23:55:37, MOVE, v:1, k:ed@wordsearch, mode:BACK
