2026-05-26 13:09:19, MOVE, v:1, k:ed@multiset, mode:PICK
2026-05-26 13:09:38, EXEC, v:1, k:ed@multiset, mode:FULL, rate:0
2026-05-26 13:09:39, EXEC, v:1, k:ed@multiset, mode:FULL, rate:0
2026-05-26 13:09:39, EXEC, v:1, k:ed@multiset, mode:FULL, rate:0
2026-05-26 13:09:45, MOVE, v:1, k:ed@multiset, mode:BACK
2026-05-26 13:09:39, MOVE, v:1, k:ed@multiset, mode:EDIT
2026-05-26 13:15:41, MOVE, v:1, k:ed@pintando, mode:PICK
2026-05-26 13:17:28, EXEC, v:1, k:ed@pintando, mode:FULL, rate:0, size:14
2026-05-26 13:17:58, MOVE, v:1, k:ed@pintando, mode:PICK
2026-05-26 13:18:32, EXEC, v:1, k:ed@pintando, mode:FULL, rate:100, size:16
2026-05-26 13:19:28, EXEC, v:1, k:ed@pintando, mode:FULL, rate:0, size:15
2026-05-26 13:20:06, MOVE, v:1, k:ed@pintando, mode:PICK
2026-05-26 13:20:09, EXEC, v:1, k:ed@pintando, mode:FULL, rate:100, size:16
2026-05-26 13:20:13, MOVE, v:1, k:ed@pintando, mode:BACK
2026-05-26 13:20:41, SELF, v:1, k:ed@pintando, self:1, rate:100, study:71, friend:Nao
2026-05-26 13:20:50, MOVE, v:1, k:ed@mumia, mode:PICK
2026-05-26 13:23:43, EXEC, v:1, k:ed@mumia, mode:FULL, rate:100, size:25
2026-05-26 13:23:51, MOVE, v:1, k:ed@mumia, mode:BACK
2026-05-26 13:20:04, MOVE, v:1, k:ed@pintando, mode:EDIT
2026-05-26 13:20:09, MOVE, v:1, k:ed@pintando, mode:EDIT
2026-05-26 13:23:40, MOVE, v:1, k:ed@mumia, mode:EDIT
2026-05-26 13:23:43, MOVE, v:1, k:ed@mumia, mode:EDIT
2026-05-26 13:26:11, SELF, v:1, k:ed@mumia, self:1, rate:100, study:97, friend:Nao
2026-05-26 13:26:19, MOVE, v:1, k:ed@fuga, mode:PICK
2026-05-26 13:29:19, EXEC, v:1, k:ed@fuga, mode:FULL, rate:100, size:31
2026-05-26 13:29:16, MOVE, v:1, k:ed@fuga, mode:EDIT
2026-05-26 13:29:19, MOVE, v:1, k:ed@fuga, mode:EDIT
2026-05-26 13:30:02, MOVE, v:1, k:ed@fuga, mode:BACK
2026-05-26 13:32:10, SELF, v:1, k:ed@fuga, self:1, rate:100, study:66, friend:Nao
2026-05-26 13:32:19, MOVE, v:1, k:ed@casais, mode:PICK
2026-05-26 13:34:29, EXEC, v:1, k:ed@casais, mode:FULL, rate:100, size:31
2026-05-26 13:34:32, MOVE, v:1, k:ed@casais, mode:BACK
2026-05-26 13:34:55, SELF, v:1, k:ed@casais, self:1, rate:100, study:68, friend:Nao
2026-05-26 13:35:05, MOVE, v:1, k:ed@pedra, mode:PICK
2026-05-26 13:37:38, EXEC, v:1, k:ed@pedra, mode:FULL, size:38, fail:COMP
2026-05-26 13:38:04, EXEC, v:1, k:ed@pedra, mode:FULL, rate:100, size:39
2026-05-26 13:38:07, MOVE, v:1, k:ed@pedra, mode:BACK
2026-05-26 13:38:33, SELF, v:1, k:ed@pedra, self:1, rate:100, study:93, friend:Nao
2026-05-26 13:38:46, MOVE, v:1, k:ed@baruel, mode:PICK
2026-05-26 13:41:00, EXEC, v:1, k:ed@baruel, mode:FULL, rate:100, size:55
2026-05-26 13:41:10, MOVE, v:1, k:ed@baruel, mode:BACK
2026-05-26 13:41:47, SELF, v:1, k:ed@baruel, self:1, rate:100, study:166, friend:Nao
2026-05-26 13:41:57, MOVE, v:1, k:ed@gomos, mode:PICK
2026-05-26 13:43:47, EXEC, v:1, k:ed@gomos, mode:FULL, rate:100, size:39
2026-05-26 13:43:55, MOVE, v:1, k:ed@gomos, mode:BACK
2026-05-26 13:44:33, SELF, v:1, k:ed@gomos, self:1, rate:100, study:87, friend:Nao
