2026-05-23 00:01:08, SELF, v:1, k:ed@wordsearch, self:1, rate:100, study:47, concept:1, problem:1
2026-05-23 00:01:11, MOVE, v:1, k:ed@subset_sum, mode:DOWN
2026-05-23 00:01:14, MOVE, v:1, k:ed@subset_sum, mode:PICK
2026-05-23 00:01:11, MOVE, v:1, k:ed@subset_sum, mode:EDIT
2026-05-23 00:01:11, MOVE, v:1, k:ed@subset_sum, mode:EDIT
2026-05-23 00:02:01, MOVE, v:1, k:ed@subset_sum, mode:EDIT
2026-05-23 00:09:05, EXEC, v:1, k:ed@subset_sum, mode:FULL, size:24, fail:COMP
2026-05-23 00:09:21, EXEC, v:1, k:ed@subset_sum, mode:FULL, size:28, fail:COMP
2026-05-23 00:09:51, EXEC, v:1, k:ed@subset_sum, mode:FULL, size:30, fail:COMP
2026-05-23 00:10:13, EXEC, v:1, k:ed@subset_sum, mode:FULL, size:31, fail:COMP
2026-05-23 00:10:25, EXEC, v:1, k:ed@subset_sum, mode:FULL, size:34, fail:COMP
2026-05-23 00:10:24, MOVE, v:1, k:ed@subset_sum, mode:EDIT
2026-05-23 00:10:40, EXEC, v:1, k:ed@subset_sum, mode:FULL, size:39, fail:COMP
2026-05-23 00:11:14, EXEC, v:1, k:ed@subset_sum, mode:FULL, rate:0, size:44
2026-05-23 00:11:33, EXEC, v:1, k:ed@subset_sum, mode:FULL, rate:75, size:48
2026-05-23 00:12:19, MOVE, v:1, k:ed@subset_sum, mode:EDIT
2026-05-23 00:11:33, MOVE, v:1, k:ed@subset_sum, mode:EDIT
2026-05-23 00:17:24, EXEC, v:1, k:ed@subset_sum, mode:FULL, rate:100, size:51
2026-05-23 00:17:29, MOVE, v:1, k:ed@subset_sum, mode:BACK
2026-05-23 00:17:52, MOVE, v:1, k:ed@subset_sum, mode:PICK
2026-05-23 00:18:02, EXEC, v:1, k:ed@subset_sum, mode:FULL, size:50, fail:COMP
2026-05-23 00:18:11, EXEC, v:1, k:ed@subset_sum, mode:FULL, rate:75, size:50
2026-05-23 00:18:15, MOVE, v:1, k:ed@subset_sum, mode:EDIT
2026-05-23 00:18:11, MOVE, v:1, k:ed@subset_sum, mode:EDIT
2026-05-23 00:29:23, EXEC, v:1, k:ed@subset_sum, mode:FULL, rate:100, size:52
2026-05-23 00:29:24, MOVE, v:1, k:ed@subset_sum, mode:BACK
2026-05-23 00:29:53, MOVE, v:1, k:ed@subset_sum, mode:PICK
2026-05-23 00:29:58, EXEC, v:1, k:ed@subset_sum, mode:FULL, size:52, fail:COMP
2026-05-23 00:30:05, MOVE, v:1, k:ed@subset_sum, mode:EDIT
2026-05-23 00:39:36, EXEC, v:1, k:ed@subset_sum, mode:FULL, rate:100, size:52
2026-05-23 00:39:38, MOVE, v:1, k:ed@subset_sum, mode:BACK
2026-05-23 00:39:56, MOVE, v:1, k:ed@subset_sum, mode:PICK
2026-05-23 00:40:00, EXEC, v:1, k:ed@subset_sum, mode:FULL, size:52, fail:COMP
2026-05-23 00:40:06, MOVE, v:1, k:ed@subset_sum, mode:EDIT
2026-05-23 00:45:19, EXEC, v:1, k:ed@subset_sum, mode:FULL, rate:100, size:52
2026-05-23 00:45:21, MOVE, v:1, k:ed@subset_sum, mode:BACK
2026-05-23 00:45:45, SELF, v:1, k:ed@subset_sum, self:1, rate:100, study:44, concept:1
2026-05-23 00:45:54, MOVE, v:1, k:ed@distancia, mode:PICK
2026-05-23 00:48:29, EXEC, v:1, k:ed@distancia, mode:FULL, size:25, fail:COMP
2026-05-23 00:49:20, EXEC, v:1, k:ed@distancia, mode:FULL, size:26, fail:COMP
2026-05-23 00:49:45, EXEC, v:1, k:ed@distancia, mode:FULL, size:28, fail:COMP
2026-05-23 00:50:04, EXEC, v:1, k:ed@distancia, mode:FULL, size:31, fail:COMP
2026-05-23 00:50:15, EXEC, v:1, k:ed@distancia, mode:FULL, size:35, fail:COMP
2026-05-23 00:50:13, MOVE, v:1, k:ed@distancia, mode:EDIT
2026-05-23 00:51:36, EXEC, v:1, k:ed@distancia, mode:FULL, size:46, fail:COMP
2026-05-23 00:51:49, EXEC, v:1, k:ed@distancia, mode:FULL, size:48, fail:COMP
2026-05-23 00:51:48, MOVE, v:1, k:ed@distancia, mode:EDIT
2026-05-23 01:04:20, MOVE, v:1, k:ed@distancia, mode:BACK
2026-05-23 01:04:27, MOVE, v:1, k:ed@distancia, mode:PICK
2026-05-23 01:04:30, EXEC, v:1, k:ed@distancia, mode:FULL, size:69, fail:COMP
2026-05-23 01:02:40, MOVE, v:1, k:ed@distancia, mode:EDIT
2026-05-23 01:14:37, MOVE, v:1, k:ed@distancia, mode:EDIT
2026-05-23 01:20:25, MOVE, v:1, k:ed@distancia, mode:EDIT
2026-05-23 01:20:46, EXEC, v:1, k:ed@distancia, mode:FULL, size:75, fail:COMP
2026-05-23 01:21:13, EXEC, v:1, k:ed@distancia, mode:FULL, size:75, fail:COMP
2026-05-23 01:21:53, EXEC, v:1, k:ed@distancia, mode:FULL, rate:0, size:75
2026-05-23 01:22:40, EXEC, v:1, k:ed@distancia, mode:FULL, rate:0, size:76
2026-05-23 01:23:52, MOVE, v:1, k:ed@distancia, mode:EDIT
2026-05-23 01:22:40, MOVE, v:1, k:ed@distancia, mode:EDIT
2026-05-23 01:33:02, EXEC, v:1, k:ed@distancia, mode:FULL, rate:100, size:85
2026-05-23 01:33:06, MOVE, v:1, k:ed@distancia, mode:BACK
2026-05-23 01:33:51, SELF, v:1, k:ed@distancia, self:1, rate:100, study:53, concept:1
2026-05-23 01:33:52, MOVE, v:1, k:ed@distancia, mode:PICK
2026-05-23 01:33:55, MOVE, v:1, k:ed@distancia, mode:BACK
2026-05-23 12:55:10, MOVE, v:1, k:ed@permutacoes, mode:DOWN
2026-05-23 12:55:11, MOVE, v:1, k:ed@permutacoes, mode:PICK
2026-05-23 12:55:10, MOVE, v:1, k:ed@permutacoes, mode:EDIT
2026-05-23 12:55:10, MOVE, v:1, k:ed@permutacoes, mode:EDIT
2026-05-23 12:59:45, MOVE, v:1, k:ed@permutacoes, mode:EDIT
2026-05-23 12:59:56, EXEC, v:1, k:ed@permutacoes, mode:FULL, size:31, fail:COMP
2026-05-23 13:01:05, EXEC, v:1, k:ed@permutacoes, mode:FULL, size:39, fail:COMP
2026-05-23 13:01:31, EXEC, v:1, k:ed@permutacoes, mode:FULL, rate:0, size:45
2026-05-23 13:01:41, EXEC, v:1, k:ed@permutacoes, mode:FULL, size:46, fail:COMP
2026-05-23 13:01:56, EXEC, v:1, k:ed@permutacoes, mode:FULL, rate:100, size:48
2026-05-23 13:02:07, MOVE, v:1, k:ed@permutacoes, mode:BACK
2026-05-23 13:02:26, MOVE, v:1, k:ed@permutacoes, mode:PICK
2026-05-23 13:02:34, EXEC, v:1, k:ed@permutacoes, mode:FULL, size:48, fail:COMP
2026-05-23 13:02:39, MOVE, v:1, k:ed@permutacoes, mode:EDIT
2026-05-23 13:19:01, EXEC, v:1, k:ed@permutacoes, mode:FULL, rate:100, size:48
2026-05-23 13:19:12, MOVE, v:1, k:ed@permutacoes, mode:BACK
2026-05-23 13:21:38, SELF, v:1, k:ed@permutacoes, self:1, rate:100, study:24, concept:1
2026-05-23 13:21:49, MOVE, v:1, k:ed@sudoku, mode:DOWN
2026-05-23 13:21:50, MOVE, v:1, k:ed@sudoku, mode:PICK
2026-05-23 13:25:05, EXEC, v:1, k:ed@sudoku, mode:FULL, size:22, fail:COMP
2026-05-23 13:25:21, EXEC, v:1, k:ed@sudoku, mode:FULL, size:24, fail:COMP
2026-05-23 13:25:44, EXEC, v:1, k:ed@sudoku, mode:FULL, size:27, fail:COMP
2026-05-23 13:26:19, EXEC, v:1, k:ed@sudoku, mode:FULL, size:33, fail:COMP
2026-05-23 13:21:49, MOVE, v:1, k:ed@sudoku, mode:EDIT
2026-05-23 13:21:49, MOVE, v:1, k:ed@sudoku, mode:EDIT
2026-05-23 13:26:24, MOVE, v:1, k:ed@sudoku, mode:EDIT
2026-05-23 13:34:38, EXEC, v:1, k:ed@sudoku, mode:FULL, size:40, fail:COMP
2026-05-23 13:35:28, EXEC, v:1, k:ed@sudoku, mode:FULL, size:45, fail:COMP
2026-05-23 13:35:25, MOVE, v:1, k:ed@sudoku, mode:EDIT
2026-05-23 13:39:56, EXEC, v:1, k:ed@sudoku, mode:FULL, size:47, fail:COMP
2026-05-23 13:40:14, EXEC, v:1, k:ed@sudoku, mode:FULL, size:50, fail:COMP
2026-05-23 13:40:30, EXEC, v:1, k:ed@sudoku, mode:FULL, size:61, fail:COMP
2026-05-23 13:41:12, EXEC, v:1, k:ed@sudoku, mode:FULL, size:64, fail:COMP
2026-05-23 13:41:18, MOVE, v:1, k:ed@sudoku, mode:BACK
2026-05-23 13:41:37, MOVE, v:1, k:ed@sudoku, mode:PICK
2026-05-23 13:41:41, EXEC, v:1, k:ed@sudoku, mode:FULL, fail:COMP
2026-05-23 13:42:26, EXEC, v:1, k:ed@sudoku, mode:FULL, size:69, fail:COMP
2026-05-23 13:44:42, EXEC, v:1, k:ed@sudoku, mode:FULL, size:71, fail:COMP
2026-05-23 13:44:54, EXEC, v:1, k:ed@sudoku, mode:FULL, size:77, fail:COMP
2026-05-23 13:45:10, EXEC, v:1, k:ed@sudoku, mode:FULL, size:80, fail:COMP
2026-05-23 13:45:16, EXEC, v:1, k:ed@sudoku, mode:FULL, size:82, fail:COMP
2026-05-23 13:45:15, MOVE, v:1, k:ed@sudoku, mode:EDIT
2026-05-23 13:46:37, EXEC, v:1, k:ed@sudoku, mode:FULL, size:86, fail:COMP
2026-05-23 13:46:50, EXEC, v:1, k:ed@sudoku, mode:FULL, size:90, fail:COMP
2026-05-23 13:47:07, EXEC, v:1, k:ed@sudoku, mode:FULL, rate:100, size:93
2026-05-23 13:47:13, MOVE, v:1, k:ed@sudoku, mode:BACK
2026-05-23 13:47:30, MOVE, v:1, k:ed@sudoku, mode:PICK
2026-05-23 13:47:32, MOVE, v:1, k:ed@sudoku, mode:BACK
2026-05-23 13:47:46, SELF, v:1, k:ed@sudoku, self:1, rate:100, study:25, concept:1
2026-05-23 14:58:10, MOVE, v:1, k:ed@queimando, mode:PICK
2026-05-23 15:00:00, EXEC, v:1, k:ed@queimando, mode:FULL, size:74, fail:COMP
2026-05-23 15:00:40, EXEC, v:1, k:ed@queimando, mode:FULL, rate:20, size:76
2026-05-23 15:01:11, EXEC, v:1, k:ed@queimando, mode:FULL, size:79, fail:COMP
2026-05-23 15:01:27, MOVE, v:1, k:ed@queimando, mode:EDIT
2026-05-23 15:00:39, MOVE, v:1, k:ed@queimando, mode:EDIT
2026-05-23 15:04:34, EXEC, v:1, k:ed@queimando, mode:FULL, size:83, fail:COMP
2026-05-23 15:05:20, EXEC, v:1, k:ed@queimando, mode:FULL, size:91, fail:COMP
2026-05-23 15:05:43, MOVE, v:1, k:ed@queimando, mode:EDIT
2026-05-23 15:07:44, EXEC, v:1, k:ed@queimando, mode:FULL, size:97, fail:COMP
2026-05-23 15:09:32, EXEC, v:1, k:ed@queimando, mode:FULL, rate:100, size:106
2026-05-23 15:09:36, MOVE, v:1, k:ed@queimando, mode:BACK
2026-05-23 15:10:37, SELF, v:1, k:ed@queimando, self:1, rate:100, study:63, concept:1
2026-05-23 15:11:07, MOVE, v:1, k:ed@chaves, mode:PICK
2026-05-23 15:12:39, EXEC, v:1, k:ed@chaves, mode:FULL, size:51, fail:COMP
2026-05-23 15:12:46, EXEC, v:1, k:ed@chaves, mode:FULL, size:56, fail:COMP
2026-05-23 15:14:12, EXEC, v:1, k:ed@chaves, mode:FULL, size:68, fail:COMP
2026-05-23 15:14:27, EXEC, v:1, k:ed@chaves, mode:FULL, size:70, fail:COMP
2026-05-23 15:14:41, EXEC, v:1, k:ed@chaves, mode:FULL, rate:0, size:77
2026-05-23 15:14:40, MOVE, v:1, k:ed@chaves, mode:EDIT
2026-05-23 15:14:41, MOVE, v:1, k:ed@chaves, mode:EDIT
2026-05-23 15:14:55, MOVE, v:1, k:ed@chaves, mode:EDIT
2026-05-23 15:23:16, EXEC, v:1, k:ed@chaves, mode:FULL, rate:100, size:79
2026-05-23 15:23:34, MOVE, v:1, k:ed@chaves, mode:BACK
2026-05-23 15:24:39, SELF, v:1, k:ed@chaves, self:1, rate:100, study:24
2026-05-23 15:26:47, MOVE, v:1, k:ed@pilha, mode:DOWN
2026-05-23 15:26:49, MOVE, v:1, k:ed@pilha, mode:PICK
2026-05-23 15:26:47, MOVE, v:1, k:ed@pilha, mode:EDIT
2026-05-23 15:26:47, MOVE, v:1, k:ed@pilha, mode:EDIT
2026-05-23 15:26:47, MOVE, v:1, k:ed@pilha, mode:EDIT
2026-05-23 15:26:47, MOVE, v:1, k:ed@pilha, mode:EDIT
2026-05-23 15:33:31, MOVE, v:1, k:ed@pilha, mode:EDIT
2026-05-23 15:34:56, EXEC, v:1, k:ed@pilha, mode:FULL, rate:0, size:81
2026-05-23 15:35:52, EXEC, v:1, k:ed@pilha, mode:FULL, size:82, fail:COMP
2026-05-23 15:36:17, EXEC, v:1, k:ed@pilha, mode:FULL, size:82, fail:COMP
2026-05-23 15:36:44, EXEC, v:1, k:ed@pilha, mode:FULL, size:85, fail:COMP
2026-05-23 15:36:46, EXEC, v:1, k:ed@pilha, mode:FULL, fail:COMP
2026-05-23 15:34:56, MOVE, v:1, k:ed@pilha, mode:EDIT
2026-05-23 15:37:32, MOVE, v:1, k:ed@pilha, mode:EDIT
2026-05-23 15:41:22, EXEC, v:1, k:ed@pilha, mode:FULL, size:92, fail:COMP
2026-05-23 15:42:21, EXEC, v:1, k:ed@pilha, mode:FULL, size:96, fail:COMP
2026-05-23 15:42:55, EXEC, v:1, k:ed@pilha, mode:FULL, size:100, fail:COMP
2026-05-23 15:43:24, MOVE, v:1, k:ed@pilha, mode:EDIT
2026-05-23 15:44:44, MOVE, v:1, k:ed@pilha, mode:EDIT
2026-05-23 15:49:24, EXEC, v:1, k:ed@pilha, mode:FULL, size:113, fail:COMP
2026-05-23 15:53:16, EXEC, v:1, k:ed@pilha, mode:FULL, size:118, fail:COMP
2026-05-23 15:53:36, EXEC, v:1, k:ed@pilha, mode:FULL, size:124, fail:COMP
2026-05-23 15:53:35, MOVE, v:1, k:ed@pilha, mode:EDIT
2026-05-23 15:54:05, MOVE, v:1, k:ed@pilha, mode:EDIT
2026-05-23 16:07:29, EXEC, v:1, k:ed@pilha, mode:FULL, size:138, fail:COMP
2026-05-23 16:08:12, MOVE, v:1, k:ed@pilha, mode:EDIT
2026-05-23 16:09:13, EXEC, v:1, k:ed@pilha, mode:FULL, size:147, fail:COMP
2026-05-23 16:09:31, EXEC, v:1, k:ed@pilha, mode:FULL, size:151, fail:COMP
2026-05-23 16:09:46, EXEC, v:1, k:ed@pilha, mode:FULL, size:158, fail:COMP
2026-05-23 16:12:29, EXEC, v:1, k:ed@pilha, mode:FULL, rate:0, size:143
2026-05-23 16:12:25, MOVE, v:1, k:ed@pilha, mode:EDIT
2026-05-23 16:12:29, MOVE, v:1, k:ed@pilha, mode:EDIT
2026-05-23 16:15:57, MOVE, v:1, k:ed@pilha, mode:EDIT
2026-05-23 16:21:43, EXEC, v:1, k:ed@pilha, mode:FULL, rate:0, size:150
2026-05-23 16:21:43, MOVE, v:1, k:ed@pilha, mode:EDIT
2026-05-23 16:27:31, EXEC, v:1, k:ed@pilha, mode:FULL, rate:0
2026-05-23 16:27:31, MOVE, v:1, k:ed@pilha, mode:EDIT
2026-05-23 16:28:20, MOVE, v:1, k:ed@pilha, mode:EDIT
2026-05-23 16:29:48, EXEC, v:1, k:ed@pilha, mode:FULL, rate:0, size:149
2026-05-23 16:31:14, EXEC, v:1, k:ed@pilha, mode:FULL, rate:0, size:122
2026-05-23 16:32:58, EXEC, v:1, k:ed@pilha, mode:FULL, rate:0, size:122
2026-05-23 16:33:42, MOVE, v:1, k:ed@pilha, mode:EDIT
2026-05-23 16:32:58, MOVE, v:1, k:ed@pilha, mode:EDIT
2026-05-23 16:34:25, EXEC, v:1, k:ed@pilha, mode:FULL, rate:0, size:128
2026-05-23 16:34:39, MOVE, v:1, k:ed@pilha, mode:BACK
2026-05-23 16:34:58, MOVE, v:1, k:ed@pilhado, mode:DOWN
2026-05-23 16:34:59, MOVE, v:1, k:ed@pilhado, mode:PICK
2026-05-23 16:34:09, MOVE, v:1, k:ed@pilha, mode:EDIT
2026-05-23 16:34:25, MOVE, v:1, k:ed@pilha, mode:EDIT
2026-05-23 16:34:58, MOVE, v:1, k:ed@pilhado, mode:EDIT
2026-05-23 16:34:58, MOVE, v:1, k:ed@pilhado, mode:EDIT
2026-05-23 16:34:58, MOVE, v:1, k:ed@pilhado, mode:EDIT
2026-05-23 16:34:58, MOVE, v:1, k:ed@pilhado, mode:EDIT
2026-05-23 16:44:54, EXEC, v:1, k:ed@pilhado, mode:FULL, size:46, fail:COMP
2026-05-23 16:45:32, EXEC, v:1, k:ed@pilhado, mode:FULL, size:52, fail:COMP
2026-05-23 16:46:02, EXEC, v:1, k:ed@pilhado, mode:FULL, size:58, fail:COMP
2026-05-23 16:46:43, EXEC, v:1, k:ed@pilhado, mode:FULL, size:74, fail:COMP
2026-05-23 16:47:52, MOVE, v:1, k:ed@pilhado, mode:EDIT
2026-05-23 16:53:43, MOVE, v:1, k:ed@pilhado, mode:EDIT
2026-05-23 16:57:47, EXEC, v:1, k:ed@pilhado, mode:FULL, size:153, fail:COMP
2026-05-23 16:58:43, MOVE, v:1, k:ed@pilhado, mode:EDIT
2026-05-23 17:00:30, EXEC, v:1, k:ed@pilhado, mode:FULL, size:155, fail:COMP
2026-05-23 17:01:00, EXEC, v:1, k:ed@pilhado, mode:FULL, size:160, fail:COMP
2026-05-23 17:01:51, EXEC, v:1, k:ed@pilhado, mode:FULL, size:164, fail:COMP
2026-05-23 17:02:50, EXEC, v:1, k:ed@pilhado, mode:FULL, size:162, fail:COMP
2026-05-23 17:02:51, EXEC, v:1, k:ed@pilhado, mode:FULL, fail:COMP
2026-05-23 17:03:41, MOVE, v:1, k:ed@pilhado, mode:EDIT
2026-05-23 17:02:46, MOVE, v:1, k:ed@pilhado, mode:EDIT
2026-05-23 17:03:46, EXEC, v:1, k:ed@pilhado, mode:FULL, size:167, fail:COMP
2026-05-23 17:03:55, MOVE, v:1, k:ed@pilhado, mode:BACK
2026-05-23 17:04:51, MOVE, v:1, k:ed@bufferring, mode:DOWN
