2026-05-11 22:04:40, MOVE, v:1, k:ed@lista_d4, mode:DOWN
2026-05-11 22:04:42, MOVE, v:1, k:ed@lista_d4, mode:PICK
2026-05-11 22:06:58, EXEC, v:1, k:ed@lista_d4, mode:FULL, rate:0, size:124
2026-05-11 22:04:40, MOVE, v:1, k:ed@lista_d4, mode:EDIT
2026-05-11 22:04:40, MOVE, v:1, k:ed@lista_d4, mode:EDIT
2026-05-11 22:04:40, MOVE, v:1, k:ed@lista_d4, mode:EDIT
2026-05-11 22:08:15, MOVE, v:1, k:ed@lista_d4, mode:EDIT
2026-05-11 22:06:58, MOVE, v:1, k:ed@lista_d4, mode:EDIT
2026-05-11 22:11:56, EXEC, v:1, k:ed@lista_d4, mode:FULL, size:134, fail:COMP
2026-05-11 22:13:38, MOVE, v:1, k:ed@lista_d4, mode:EDIT
2026-05-11 22:24:05, EXEC, v:1, k:ed@lista_d4, mode:FULL, size:142, fail:COMP
2026-05-11 22:24:03, MOVE, v:1, k:ed@lista_d4, mode:EDIT
2026-05-11 22:28:38, EXEC, v:1, k:ed@lista_d4, mode:FULL, rate:0, size:139
2026-05-11 22:25:39, MOVE, v:1, k:ed@lista_d4, mode:EDIT
2026-05-11 22:28:38, MOVE, v:1, k:ed@lista_d4, mode:EDIT
2026-05-11 22:31:27, EXEC, v:1, k:ed@lista_d4, mode:FULL, rate:0, size:148
2026-05-11 22:31:27, MOVE, v:1, k:ed@lista_d4, mode:EDIT
2026-05-11 22:31:27, MOVE, v:1, k:ed@lista_d4, mode:EDIT
2026-05-11 22:38:33, EXEC, v:1, k:ed@lista_d4, mode:FULL, rate:0, size:154
2026-05-11 22:39:09, MOVE, v:1, k:ed@lista_d4, mode:EDIT
2026-05-11 22:38:33, MOVE, v:1, k:ed@lista_d4, mode:EDIT
2026-05-11 22:40:59, MOVE, v:1, k:ed@lista_d4, mode:EDIT
2026-05-11 22:48:35, EXEC, v:1, k:ed@lista_d4, mode:FULL, size:154, fail:COMP
2026-05-11 22:48:49, MOVE, v:1, k:ed@lista_d4, mode:EDIT
2026-05-11 22:52:15, EXEC, v:1, k:ed@lista_d4, mode:FULL, size:154, fail:COMP
2026-05-11 22:54:23, MOVE, v:1, k:ed@lista_d4, mode:EDIT
2026-05-11 22:54:33, EXEC, v:1, k:ed@lista_d4, mode:FULL, rate:100, size:155
2026-05-11 22:54:38, MOVE, v:1, k:ed@lista_d4, mode:BACK
2026-05-11 22:54:55, MOVE, v:1, k:ed@lista_d4, mode:PICK
2026-05-11 22:55:59, MOVE, v:1, k:ed@lista_d4, mode:BACK
